This file contains any messages produced by compilers while
running configure, to aid debugging if configure makes a mistake.

It was created by industrial-icon-theme configure 11.0.1, which was
generated by GNU Autoconf 2.61.  Invocation command line was

  $ ./configure --enable-maintainer-mode --prefix=/usr --sysconfdir=/etc

## --------- ##
## Platform. ##
## --------- ##

hostname = hal
uname -m = i686
uname -r = 2.6.22-14-generic
uname -s = Linux
uname -v = #1 SMP Sun Oct 14 23:05:12 GMT 2007

/usr/bin/uname -p = unknown
/bin/uname -X     = unknown

/bin/arch              = unknown
/usr/bin/arch -k       = unknown
/usr/convex/getsysinfo = unknown
/usr/bin/hostinfo      = unknown
/bin/machine           = unknown
/usr/bin/oslevel       = unknown
/bin/universe          = unknown

PATH: /usr/local/pspdev/bin
PATH: /opt/artlibre/bin
PATH: /usr/local/sbin
PATH: /usr/local/bin
PATH: /usr/sbin
PATH: /usr/bin
PATH: /sbin
PATH: /bin
PATH: /usr/bin/X11
PATH: /usr/games
PATH: /usr/local/bin
PATH: /home/jimmac/bin
PATH: /usr/mozilla
PATH: /usr/lib/jvm/java-6-sun-1.6.0.00/bin


## ----------- ##
## Core tests. ##
## ----------- ##

configure:1834: checking for a BSD-compatible install
configure:1890: result: /usr/bin/install -c
configure:1901: checking whether build environment is sane
configure:1944: result: yes
configure:2009: checking for gawk
configure:2025: found /usr/bin/gawk
configure:2036: result: gawk
configure:2047: checking whether make sets $(MAKE)
configure:2068: result: yes
configure:2247: checking how to create a ustar tar archive
configure:2260: tar --version
tar (GNU tar) 1.18
Copyright (C) 2007 Free Software Foundation, Inc.
License GPLv2+: GNU GPL version 2 or later <http://gnu.org/licenses/gpl.html>
This is free software: you are free to change and redistribute it.
There is NO WARRANTY, to the extent permitted by law.

Written by John Gilmore and Jay Fenlason.
configure:2263: $? = 0
configure:2303: tardir=conftest.dir && eval tar --format=ustar -chf - "$tardir" >conftest.tar
configure:2306: $? = 0
configure:2310: tar -xf - <conftest.tar
configure:2313: $? = 0
configure:2326: result: gnutar
configure:2346: checking for style of include used by make
configure:2374: result: GNU
configure:2447: checking for gcc
configure:2463: found /usr/bin/gcc
configure:2474: result: gcc
configure:2712: checking for C compiler version
configure:2719: gcc --version >&5
gcc (GCC) 4.1.3 20070929 (prerelease) (Ubuntu 4.1.2-16ubuntu2)
Copyright (C) 2006 Free Software Foundation, Inc.
This is free software; see the source for copying conditions.  There is NO
warranty; not even for MERCHANTABILITY or FITNESS FOR A PARTICULAR PURPOSE.

configure:2722: $? = 0
configure:2729: gcc -v >&5
Using built-in specs.
Target: i486-linux-gnu
Configured with: ../src/configure -v --enable-languages=c,c++,fortran,objc,obj-c++,treelang --prefix=/usr --enable-shared --with-system-zlib --libexecdir=/usr/lib --without-included-gettext --enable-threads=posix --enable-nls --with-gxx-include-dir=/usr/include/c++/4.1.3 --program-suffix=-4.1 --enable-__cxa_atexit --enable-clocale=gnu --enable-libstdcxx-debug --enable-mpfr --enable-checking=release i486-linux-gnu
Thread model: posix
gcc version 4.1.3 20070929 (prerelease) (Ubuntu 4.1.2-16ubuntu2)
configure:2732: $? = 0
configure:2739: gcc -V >&5
gcc: '-V' option must have argument
configure:2742: $? = 1
configure:2765: checking for C compiler default output file name
configure:2792: gcc    conftest.c  >&5
configure:2795: $? = 0
configure:2833: result: a.out
configure:2850: checking whether the C compiler works
configure:2860: ./a.out
configure:2863: $? = 0
configure:2880: result: yes
configure:2887: checking whether we are cross compiling
configure:2889: result: no
configure:2892: checking for suffix of executables
configure:2899: gcc -o conftest    conftest.c  >&5
configure:2902: $? = 0
configure:2926: result: 
configure:2932: checking for suffix of object files
configure:2958: gcc -c   conftest.c >&5
configure:2961: $? = 0
configure:2984: result: o
configure:2988: checking whether we are using the GNU C compiler
configure:3017: gcc -c   conftest.c >&5
configure:3023: $? = 0
configure:3040: result: yes
configure:3045: checking whether gcc accepts -g
configure:3075: gcc -c -g  conftest.c >&5
configure:3081: $? = 0
configure:3180: result: yes
configure:3197: checking for gcc option to accept ISO C89
configure:3271: gcc  -c -g -O2  conftest.c >&5
configure:3277: $? = 0
configure:3300: result: none needed
configure:3320: checking dependency style of gcc
configure:3410: result: none
configure:3440: checking for intltool >= 0.33
configure:3447: result: 0.36.2 found
configure:3505: checking for perl
configure:3523: found /usr/bin/perl
configure:3535: result: /usr/bin/perl
configure:3554: checking for XML::Parser
configure:3557: result: ok
configure:3594: gcc -o conftest -g -O2   conftest.c  >&5
configure:3600: $? = 0
configure:3768: checking for pkg-config
configure:3786: found /usr/bin/pkg-config
configure:3798: result: /usr/bin/pkg-config
configure:3827: checking pkg-config is at least version 0.19
configure:3830: result: yes
configure:3849: checking how to run the C preprocessor
configure:3889: gcc -E  conftest.c
configure:3895: $? = 0
configure:3926: gcc -E  conftest.c
conftest.c:10:28: error: ac_nonexistent.h: No such file or directory
configure:3932: $? = 1
configure: failed program was:
| /* confdefs.h.  */
| #define PACKAGE_NAME "industrial-icon-theme"
| #define PACKAGE_TARNAME "industrial-icon-theme"
| #define PACKAGE_VERSION "11.0.1"
| #define PACKAGE_STRING "industrial-icon-theme 11.0.1"
| #define PACKAGE_BUGREPORT ""
| #define PACKAGE "industrial-icon-theme"
| #define VERSION "11.0.1"
| /* end confdefs.h.  */
| #include <ac_nonexistent.h>
configure:3965: result: gcc -E
configure:3994: gcc -E  conftest.c
configure:4000: $? = 0
configure:4031: gcc -E  conftest.c
conftest.c:10:28: error: ac_nonexistent.h: No such file or directory
configure:4037: $? = 1
configure: failed program was:
| /* confdefs.h.  */
| #define PACKAGE_NAME "industrial-icon-theme"
| #define PACKAGE_TARNAME "industrial-icon-theme"
| #define PACKAGE_VERSION "11.0.1"
| #define PACKAGE_STRING "industrial-icon-theme 11.0.1"
| #define PACKAGE_BUGREPORT ""
| #define PACKAGE "industrial-icon-theme"
| #define VERSION "11.0.1"
| /* end confdefs.h.  */
| #include <ac_nonexistent.h>
configure:4075: checking for grep that handles long lines and -e
configure:4149: result: /bin/grep
configure:4154: checking for egrep
configure:4232: result: /bin/grep -E
configure:4237: checking for ANSI C header files
configure:4267: gcc -c -g -O2  conftest.c >&5
configure:4273: $? = 0
configure:4372: gcc -o conftest -g -O2   conftest.c  >&5
configure:4375: $? = 0
configure:4381: ./conftest
configure:4384: $? = 0
configure:4401: result: yes
configure:4425: checking for sys/types.h
configure:4446: gcc -c -g -O2  conftest.c >&5
configure:4452: $? = 0
configure:4468: result: yes
configure:4425: checking for sys/stat.h
configure:4446: gcc -c -g -O2  conftest.c >&5
configure:4452: $? = 0
configure:4468: result: yes
configure:4425: checking for stdlib.h
configure:4446: gcc -c -g -O2  conftest.c >&5
configure:4452: $? = 0
configure:4468: result: yes
configure:4425: checking for string.h
configure:4446: gcc -c -g -O2  conftest.c >&5
configure:4452: $? = 0
configure:4468: result: yes
configure:4425: checking for memory.h
configure:4446: gcc -c -g -O2  conftest.c >&5
configure:4452: $? = 0
configure:4468: result: yes
configure:4425: checking for strings.h
configure:4446: gcc -c -g -O2  conftest.c >&5
configure:4452: $? = 0
configure:4468: result: yes
configure:4425: checking for inttypes.h
configure:4446: gcc -c -g -O2  conftest.c >&5
configure:4452: $? = 0
configure:4468: result: yes
configure:4425: checking for stdint.h
configure:4446: gcc -c -g -O2  conftest.c >&5
configure:4452: $? = 0
configure:4468: result: yes
configure:4425: checking for unistd.h
configure:4446: gcc -c -g -O2  conftest.c >&5
configure:4452: $? = 0
configure:4468: result: yes
configure:4486: checking build system type
configure:4504: result: i686-pc-linux-gnu
configure:4526: checking host system type
configure:4541: result: i686-pc-linux-gnu
configure:4579: checking locale.h usability
configure:4596: gcc -c -g -O2  conftest.c >&5
configure:4602: $? = 0
configure:4616: result: yes
configure:4620: checking locale.h presence
configure:4635: gcc -E  conftest.c
configure:4641: $? = 0
configure:4655: result: yes
configure:4683: checking for locale.h
configure:4691: result: yes
configure:4705: checking for LC_MESSAGES
configure:4731: gcc -o conftest -g -O2   conftest.c  >&5
configure:4737: $? = 0
configure:4754: result: yes
configure:4783: checking libintl.h usability
configure:4800: gcc -c -g -O2  conftest.c >&5
configure:4806: $? = 0
configure:4820: result: yes
configure:4824: checking libintl.h presence
configure:4839: gcc -E  conftest.c
configure:4845: $? = 0
configure:4859: result: yes
configure:4887: checking for libintl.h
configure:4894: result: yes
configure:4905: checking for ngettext in libc
configure:4933: gcc -o conftest -g -O2   conftest.c  >&5
configure:4939: $? = 0
configure:4957: result: yes
configure:4961: checking for dgettext in libc
configure:4989: gcc -o conftest -g -O2   conftest.c  >&5
configure:4995: $? = 0
configure:5013: result: yes
configure:5022: checking for bind_textdomain_codeset
configure:5078: gcc -o conftest -g -O2   conftest.c  >&5
configure:5084: $? = 0
configure:5102: result: yes
configure:5589: checking for msgfmt
configure:5616: result: /usr/bin/msgfmt
configure:5629: checking for dcgettext
configure:5685: gcc -o conftest -g -O2   conftest.c   >&5
conftest.c:47: warning: conflicting types for built-in function 'dcgettext'
configure:5691: $? = 0
configure:5709: result: yes
configure:5720: checking if msgfmt accepts -c
configure:5735: $MSGFMT -c -o /dev/null conftest.foo
configure:5738: $? = 0
configure:5740: result: yes
configure:5750: checking for gmsgfmt
configure:5781: result: /usr/bin/msgfmt
configure:5791: checking for xgettext
configure:5818: result: /usr/bin/xgettext
configure:5847: gcc -o conftest -g -O2   conftest.c   >&5
configure:5853: $? = 0
configure:6095: checking icon-naming-utils >= 0.7.0
configure:6098: $PKG_CONFIG --exists --print-errors "icon-naming-utils >= $UTILS_REQUIRED"
configure:6101: $? = 0
configure:6111: result: yes
configure:6133: checking SVG to PNG conversion method
configure:6199: result: none
configure:6372: creating ./config.status

## ---------------------- ##
## Running config.status. ##
## ---------------------- ##

This file was extended by industrial-icon-theme config.status 11.0.1, which was
generated by GNU Autoconf 2.61.  Invocation command line was

  CONFIG_FILES    = 
  CONFIG_HEADERS  = 
  CONFIG_LINKS    = 
  CONFIG_COMMANDS = 
  $ ./config.status 

on hal

config.status:704: creating Makefile
config.status:704: creating 16x16/Makefile
config.status:704: creating 16x16/actions/Makefile
config.status:704: creating 16x16/places/Makefile
config.status:704: creating 16x16/status/Makefile
config.status:704: creating 22x22/Makefile
config.status:704: creating 22x22/actions/Makefile
config.status:704: creating 22x22/places/Makefile
config.status:704: creating 22x22/status/Makefile
config.status:704: creating 24x24/Makefile
config.status:704: creating 24x24/actions/Makefile
config.status:704: creating 24x24/places/Makefile
config.status:704: creating 24x24/status/Makefile
config.status:704: creating 32x32/Makefile
config.status:704: creating 32x32/places/Makefile
config.status:704: creating 32x32/status/Makefile
config.status:704: creating 48x48/Makefile
config.status:704: creating 48x48/apps/Makefile
config.status:704: creating 48x48/actions/Makefile
config.status:704: creating 48x48/places/Makefile
config.status:704: creating 48x48/status/Makefile
config.status:704: creating po/Makefile.in
config.status:704: creating svg2png.sh
config.status:889: executing depfiles commands
config.status:889: executing intltool commands
config.status:889: executing default-1 commands
config.status:889: executing po/stamp-it commands

## ---------------- ##
## Cache variables. ##
## ---------------- ##

ac_cv_build=i686-pc-linux-gnu
ac_cv_c_compiler_gnu=yes
ac_cv_env_CC_set=
ac_cv_env_CC_value=
ac_cv_env_CFLAGS_set=
ac_cv_env_CFLAGS_value=
ac_cv_env_CPPFLAGS_set=
ac_cv_env_CPPFLAGS_value=
ac_cv_env_CPP_set=
ac_cv_env_CPP_value=
ac_cv_env_LDFLAGS_set=
ac_cv_env_LDFLAGS_value=
ac_cv_env_LIBS_set=
ac_cv_env_LIBS_value=
ac_cv_env_PKG_CONFIG_set=
ac_cv_env_PKG_CONFIG_value=
ac_cv_env_build_alias_set=
ac_cv_env_build_alias_value=
ac_cv_env_host_alias_set=
ac_cv_env_host_alias_value=
ac_cv_env_target_alias_set=
ac_cv_env_target_alias_value=
ac_cv_func_bind_textdomain_codeset=yes
ac_cv_func_dcgettext=yes
ac_cv_header_inttypes_h=yes
ac_cv_header_libintl_h=yes
ac_cv_header_locale_h=yes
ac_cv_header_memory_h=yes
ac_cv_header_stdc=yes
ac_cv_header_stdint_h=yes
ac_cv_header_stdlib_h=yes
ac_cv_header_string_h=yes
ac_cv_header_strings_h=yes
ac_cv_header_sys_stat_h=yes
ac_cv_header_sys_types_h=yes
ac_cv_header_unistd_h=yes
ac_cv_host=i686-pc-linux-gnu
ac_cv_objext=o
ac_cv_path_EGREP='/bin/grep -E'
ac_cv_path_GMSGFMT=/usr/bin/msgfmt
ac_cv_path_GREP=/bin/grep
ac_cv_path_INTLTOOL_PERL=/usr/bin/perl
ac_cv_path_MSGFMT=/usr/bin/msgfmt
ac_cv_path_XGETTEXT=/usr/bin/xgettext
ac_cv_path_ac_pt_PKG_CONFIG=/usr/bin/pkg-config
ac_cv_path_install='/usr/bin/install -c'
ac_cv_prog_AWK=gawk
ac_cv_prog_CPP='gcc -E'
ac_cv_prog_ac_ct_CC=gcc
ac_cv_prog_cc_c89=
ac_cv_prog_cc_g=yes
ac_cv_prog_make_make_set=yes
am_cv_CC_dependencies_compiler_type=none
am_cv_prog_tar_ustar=gnutar
am_cv_val_LC_MESSAGES=yes
gt_cv_func_dgettext_libc=yes
gt_cv_func_dgettext_libintl=no
gt_cv_func_ngettext_libc=yes
gt_cv_have_gettext=yes

## ----------------- ##
## Output variables. ##
## ----------------- ##

ACLOCAL='${SHELL} /home/jimmac/src/cvs/novell/opensuse-art/icons/Industrial/missing --run aclocal-1.9'
ACLOCAL_AMFLAGS='${ACLOCAL_FLAGS}'
ALL_LINGUAS=''
AMDEPBACKSLASH='\'
AMDEP_FALSE='#'
AMDEP_TRUE=''
AMTAR='${SHELL} /home/jimmac/src/cvs/novell/opensuse-art/icons/Industrial/missing --run tar'
AUTOCONF='${SHELL} /home/jimmac/src/cvs/novell/opensuse-art/icons/Industrial/missing --run autoconf'
AUTOHEADER='${SHELL} /home/jimmac/src/cvs/novell/opensuse-art/icons/Industrial/missing --run autoheader'
AUTOMAKE='${SHELL} /home/jimmac/src/cvs/novell/opensuse-art/icons/Industrial/missing --run automake-1.9'
AWK='gawk'
CATALOGS=''
CATOBJEXT='.gmo'
CC='gcc'
CCDEPMODE='depmode=none'
CFLAGS='-g -O2'
CPP='gcc -E'
CPPFLAGS=''
CYGPATH_W='echo'
DATADIRNAME='share'
DEFS='-DPACKAGE_NAME=\"industrial-icon-theme\" -DPACKAGE_TARNAME=\"industrial-icon-theme\" -DPACKAGE_VERSION=\"11.0.1\" -DPACKAGE_STRING=\"industrial-icon-theme\ 11.0.1\" -DPACKAGE_BUGREPORT=\"\" -DPACKAGE=\"industrial-icon-theme\" -DVERSION=\"11.0.1\" -DSTDC_HEADERS=1 -DHAVE_SYS_TYPES_H=1 -DHAVE_SYS_STAT_H=1 -DHAVE_STDLIB_H=1 -DHAVE_STRING_H=1 -DHAVE_MEMORY_H=1 -DHAVE_STRINGS_H=1 -DHAVE_INTTYPES_H=1 -DHAVE_STDINT_H=1 -DHAVE_UNISTD_H=1 -DHAVE_LOCALE_H=1 -DHAVE_LC_MESSAGES=1 -DHAVE_BIND_TEXTDOMAIN_CODESET=1 -DHAVE_GETTEXT=1 -DHAVE_DCGETTEXT=1 -DENABLE_NLS=1'
DEPDIR='.deps'
ECHO_C=''
ECHO_N='-n'
ECHO_T=''
EGREP='/bin/grep -E'
ENABLE_LARGE_BITMAPS_FALSE=''
ENABLE_LARGE_BITMAPS_TRUE='#'
EXEEXT=''
GETTEXT_PACKAGE='industrial-icon-theme'
GMOFILES=''
GMSGFMT='/usr/bin/msgfmt'
GREP='/bin/grep'
ICONMAP='/usr/lib/icon-naming-utils/icon-name-mapping'
INSTALL_DATA='${INSTALL} -m 644'
INSTALL_PROGRAM='${INSTALL}'
INSTALL_SCRIPT='${INSTALL}'
INSTALL_STRIP_PROGRAM='${SHELL} $(install_sh) -c -s'
INSTOBJEXT='.mo'
INTLLIBS=''
INTLTOOL_CAVES_RULE='%.caves:     %.caves.in     $(INTLTOOL_MERGE) $(wildcard $(top_srcdir)/po/*.po) ; LC_ALL=C $(INTLTOOL_MERGE) -d -u -c $(top_builddir)/po/.intltool-merge-cache $(top_srcdir)/po $< $@'
INTLTOOL_DESKTOP_RULE='%.desktop:   %.desktop.in   $(INTLTOOL_MERGE) $(wildcard $(top_srcdir)/po/*.po) ; LC_ALL=C $(INTLTOOL_MERGE) -d -u -c $(top_builddir)/po/.intltool-merge-cache $(top_srcdir)/po $< $@'
INTLTOOL_DIRECTORY_RULE='%.directory: %.directory.in $(INTLTOOL_MERGE) $(wildcard $(top_srcdir)/po/*.po) ; LC_ALL=C $(INTLTOOL_MERGE) -d -u -c $(top_builddir)/po/.intltool-merge-cache $(top_srcdir)/po $< $@'
INTLTOOL_EXTRACT='$(top_builddir)/intltool-extract'
INTLTOOL_KBD_RULE='%.kbd:       %.kbd.in       $(INTLTOOL_MERGE) $(wildcard $(top_srcdir)/po/*.po) ; LC_ALL=C $(INTLTOOL_MERGE) -x -u -m -c $(top_builddir)/po/.intltool-merge-cache $(top_srcdir)/po $< $@'
INTLTOOL_KEYS_RULE='%.keys:      %.keys.in      $(INTLTOOL_MERGE) $(wildcard $(top_srcdir)/po/*.po) ; LC_ALL=C $(INTLTOOL_MERGE) -k -u -c $(top_builddir)/po/.intltool-merge-cache $(top_srcdir)/po $< $@'
INTLTOOL_MERGE='$(top_builddir)/intltool-merge'
INTLTOOL_OAF_RULE='%.oaf:       %.oaf.in       $(INTLTOOL_MERGE) $(wildcard $(top_srcdir)/po/*.po) ; LC_ALL=C $(INTLTOOL_MERGE) -o -p $(top_srcdir)/po $< $@'
INTLTOOL_PERL='/usr/bin/perl'
INTLTOOL_POLICY_RULE='%.policy:    %.policy.in    $(INTLTOOL_MERGE) $(wildcard $(top_srcdir)/po/*.po) ; LC_ALL=C $(INTLTOOL_MERGE) -x -u -c $(top_builddir)/po/.intltool-merge-cache $(top_srcdir)/po $< $@'
INTLTOOL_PONG_RULE='%.pong:      %.pong.in      $(INTLTOOL_MERGE) $(wildcard $(top_srcdir)/po/*.po) ; LC_ALL=C $(INTLTOOL_MERGE) -x -u -c $(top_builddir)/po/.intltool-merge-cache $(top_srcdir)/po $< $@'
INTLTOOL_PROP_RULE='%.prop:      %.prop.in      $(INTLTOOL_MERGE) $(wildcard $(top_srcdir)/po/*.po) ; LC_ALL=C $(INTLTOOL_MERGE) -d -u -c $(top_builddir)/po/.intltool-merge-cache $(top_srcdir)/po $< $@'
INTLTOOL_SCHEMAS_RULE='%.schemas:   %.schemas.in   $(INTLTOOL_MERGE) $(wildcard $(top_srcdir)/po/*.po) ; LC_ALL=C $(INTLTOOL_MERGE) -s -u -c $(top_builddir)/po/.intltool-merge-cache $(top_srcdir)/po $< $@'
INTLTOOL_SERVER_RULE='%.server:    %.server.in    $(INTLTOOL_MERGE) $(wildcard $(top_srcdir)/po/*.po) ; LC_ALL=C $(INTLTOOL_MERGE) -o -u -c $(top_builddir)/po/.intltool-merge-cache $(top_srcdir)/po $< $@'
INTLTOOL_SERVICE_RULE='%.service: %.service.in   $(INTLTOOL_MERGE) $(wildcard $(top_srcdir)/po/*.po) ; LC_ALL=C $(INTLTOOL_MERGE) -d -u -c $(top_builddir)/po/.intltool-merge-cache $(top_srcdir)/po $< $@'
INTLTOOL_SHEET_RULE='%.sheet:     %.sheet.in     $(INTLTOOL_MERGE) $(wildcard $(top_srcdir)/po/*.po) ; LC_ALL=C $(INTLTOOL_MERGE) -x -u -c $(top_builddir)/po/.intltool-merge-cache $(top_srcdir)/po $< $@'
INTLTOOL_SOUNDLIST_RULE='%.soundlist: %.soundlist.in $(INTLTOOL_MERGE) $(wildcard $(top_srcdir)/po/*.po) ; LC_ALL=C $(INTLTOOL_MERGE) -d -u -c $(top_builddir)/po/.intltool-merge-cache $(top_srcdir)/po $< $@'
INTLTOOL_THEME_RULE='%.theme:     %.theme.in     $(INTLTOOL_MERGE) $(wildcard $(top_srcdir)/po/*.po) ; LC_ALL=C $(INTLTOOL_MERGE) -d -u -c $(top_builddir)/po/.intltool-merge-cache $(top_srcdir)/po $< $@'
INTLTOOL_UI_RULE='%.ui:        %.ui.in        $(INTLTOOL_MERGE) $(wildcard $(top_srcdir)/po/*.po) ; LC_ALL=C $(INTLTOOL_MERGE) -x -u -c $(top_builddir)/po/.intltool-merge-cache $(top_srcdir)/po $< $@'
INTLTOOL_UPDATE='$(top_builddir)/intltool-update'
INTLTOOL_XAM_RULE='%.xam:       %.xml.in       $(INTLTOOL_MERGE) $(wildcard $(top_srcdir)/po/*.po) ; LC_ALL=C $(INTLTOOL_MERGE) -x -u -c $(top_builddir)/po/.intltool-merge-cache $(top_srcdir)/po $< $@'
INTLTOOL_XML_NOMERGE_RULE='%.xml:       %.xml.in       $(INTLTOOL_MERGE) ; LC_ALL=C $(INTLTOOL_MERGE) -x -u /tmp $< $@'
INTLTOOL_XML_RULE='%.xml:       %.xml.in       $(INTLTOOL_MERGE) $(wildcard $(top_srcdir)/po/*.po) ; LC_ALL=C $(INTLTOOL_MERGE) -x -u -c $(top_builddir)/po/.intltool-merge-cache $(top_srcdir)/po $< $@'
LDFLAGS=''
LIBOBJS=''
LIBS=''
LTLIBOBJS=''
MAKEINFO='${SHELL} /home/jimmac/src/cvs/novell/opensuse-art/icons/Industrial/missing --run makeinfo'
MKINSTALLDIRS='./mkinstalldirs'
MSGFMT='/usr/bin/msgfmt'
MSGFMT_OPTS='-c'
OBJEXT='o'
PACKAGE='industrial-icon-theme'
PACKAGE_BUGREPORT=''
PACKAGE_NAME='industrial-icon-theme'
PACKAGE_STRING='industrial-icon-theme 11.0.1'
PACKAGE_TARNAME='industrial-icon-theme'
PACKAGE_VERSION='11.0.1'
PATH_SEPARATOR=':'
PKG_CONFIG='/usr/bin/pkg-config'
POFILES=''
POSUB='po'
PO_IN_DATADIR_FALSE=''
PO_IN_DATADIR_TRUE=''
SET_MAKE=''
SHELL='/bin/sh'
STRIP=''
SVGCONVERT=''
USE_NLS='yes'
VERSION='11.0.1'
XGETTEXT='/usr/bin/xgettext'
ac_ct_CC='gcc'
am__fastdepCC_FALSE=''
am__fastdepCC_TRUE='#'
am__include='include'
am__leading_dot='.'
am__quote=''
am__tar='tar --format=ustar -chf - "$$tardir"'
am__untar='tar -xf -'
bindir='${exec_prefix}/bin'
build='i686-pc-linux-gnu'
build_alias=''
build_cpu='i686'
build_os='linux-gnu'
build_vendor='pc'
datadir='${datarootdir}'
datarootdir='${prefix}/share'
docdir='${datarootdir}/doc/${PACKAGE_TARNAME}'
dvidir='${docdir}'
exec_prefix='${prefix}'
host='i686-pc-linux-gnu'
host_alias=''
host_cpu='i686'
host_os='linux-gnu'
host_vendor='pc'
htmldir='${docdir}'
includedir='${prefix}/include'
infodir='${datarootdir}/info'
install_sh='/home/jimmac/src/cvs/novell/opensuse-art/icons/Industrial/install-sh'
libdir='${exec_prefix}/lib'
libexecdir='${exec_prefix}/libexec'
localedir='${prefix}/${DATADIRNAME}/locale'
localstatedir='${prefix}/var'
mandir='${datarootdir}/man'
mkdir_p='mkdir -p --'
oldincludedir='/usr/include'
pdfdir='${docdir}'
prefix='/usr'
program_transform_name='s,x,x,'
psdir='${docdir}'
sbindir='${exec_prefix}/sbin'
sharedstatedir='${prefix}/com'
sysconfdir='/etc'
target_alias=''
themedir='${datadir}/icons/Industrial'

## ----------- ##
## confdefs.h. ##
## ----------- ##

#define PACKAGE_NAME "industrial-icon-theme"
#define PACKAGE_TARNAME "industrial-icon-theme"
#define PACKAGE_VERSION "11.0.1"
#define PACKAGE_STRING "industrial-icon-theme 11.0.1"
#define PACKAGE_BUGREPORT ""
#define PACKAGE "industrial-icon-theme"
#define VERSION "11.0.1"
#define STDC_HEADERS 1
#define HAVE_SYS_TYPES_H 1
#define HAVE_SYS_STAT_H 1
#define HAVE_STDLIB_H 1
#define HAVE_STRING_H 1
#define HAVE_MEMORY_H 1
#define HAVE_STRINGS_H 1
#define HAVE_INTTYPES_H 1
#define HAVE_STDINT_H 1
#define HAVE_UNISTD_H 1
#define HAVE_LOCALE_H 1
#define HAVE_LC_MESSAGES 1
#define HAVE_BIND_TEXTDOMAIN_CODESET 1
#define HAVE_GETTEXT 1
#define HAVE_DCGETTEXT 1
#define ENABLE_NLS 1

configure: exit 0
